[INFO] 2026-05-05 09:10:06 ============================================================
[INFO] 2026-05-05 09:10:06 mobile_extractor start  project=mobile_extract
[INFO] 2026-05-05 09:10:06 ============================================================
[INFO] 2026-05-05 09:10:06 入力ファイル: /Users/jotaro/pro/github-prctice2/tools/mobile_extractor/input/20260503_dummy_persons_export.csv
[INFO] 2026-05-05 09:10:16 [INFO] 入力件数: 3,999,998
[INFO] 2026-05-05 09:10:27 raw 保存: /Users/jotaro/pro/github-prctice2/tools/mobile_extractor/output/raw/raw.csv
[INFO] 2026-05-05 09:10:46 cleaned 保存: /Users/jotaro/pro/github-prctice2/tools/mobile_extractor/output/cleaned/cleaned.csv
[INFO] 2026-05-05 09:10:48 [INFO] 欠損除去件数: 0（理由: tel_missing）
[ERROR] 2026-05-05 09:10:48 処理失敗: bad operand type for unary ~: 'str'
Traceback (most recent call last):
  File "/Users/jotaro/pro/github-prctice2/tools/mobile_extractor/main.py", line 285, in main
    df = filter_mobile_only(df, logger)
  File "/Users/jotaro/pro/github-prctice2/tools/mobile_extractor/main.py", line 157, in filter_mobile_only
    ~df[config.COL_IS_DELETED]
  File "/Users/jotaro/pro/github-prctice2/.venv/lib/python3.10/site-packages/pandas/core/generic.py", line 1574, in __invert__
    new_data = self._mgr.apply(operator.invert)
  File "/Users/jotaro/pro/github-prctice2/.venv/lib/python3.10/site-packages/pandas/core/internals/managers.py", line 361, in apply
    applied = b.apply(f, **kwargs)
  File "/Users/jotaro/pro/github-prctice2/.venv/lib/python3.10/site-packages/pandas/core/internals/blocks.py", line 395, in apply
    result = func(self.values, **kwargs)
TypeError: bad operand type for unary ~: 'str'
[INFO] 2026-05-05 09:20:25 ============================================================
[INFO] 2026-05-05 09:20:25 mobile_extractor start  project=mobile_extract
[INFO] 2026-05-05 09:20:25 ============================================================
[INFO] 2026-05-05 09:20:25 入力ファイル: /Users/jotaro/pro/github-prctice2/tools/mobile_extractor/input/20260503_dummy_persons_export.csv
[INFO] 2026-05-05 09:20:34 [INFO] 入力件数: 3,999,998
[INFO] 2026-05-05 09:20:46 raw 保存: /Users/jotaro/pro/github-prctice2/tools/mobile_extractor/output/raw/raw.csv
[INFO] 2026-05-05 09:21:04 cleaned 保存: /Users/jotaro/pro/github-prctice2/tools/mobile_extractor/output/cleaned/cleaned.csv
[INFO] 2026-05-05 09:21:07 [INFO] 欠損除去件数: 0（理由: tel_missing）
[INFO] 2026-05-05 09:21:07 [INFO] 不正除去件数: 0（理由: tel_invalid）
[INFO] 2026-05-05 09:21:07 [INFO] 非携帯除去件数: 1,600,344（理由: not_mobile）
[INFO] 2026-05-05 09:21:07 [INFO] tel_type 内訳: {'mobile': 2399654, 'landline_or_other': 1600344}
[INFO] 2026-05-05 09:21:07 [INFO] フィルタ後件数: 2,399,654
[INFO] 2026-05-05 09:21:20 filtered 保存: /Users/jotaro/pro/github-prctice2/tools/mobile_extractor/output/filtered/filtered.csv
[INFO] 2026-05-05 09:21:39 [INFO] 最終出力件数: 2,399,654
[INFO] 2026-05-05 09:21:39 export 保存: /Users/jotaro/pro/github-prctice2/tools/mobile_extractor/output/export/20260505_mobile_extract_export.csv
[INFO] 2026-05-05 09:21:39 export 保存: /Users/jotaro/pro/github-prctice2/tools/mobile_extractor/output/export/final.csv
[INFO] 2026-05-05 09:21:41 mobile_extractor done.
